<?xml version="1.0" encoding="UTF-8"?>
<!-- Generated by org.testng.reporters.JUnitReportReporter -->
<testsuite hostname="Mac" failures="0" tests="2" name="ameera.Tests.ErrorValidationsTest" time="14.500" errors="0" timestamp="2025-02-10T15:08:09 GMT+03:00" skipped="0">
  <testcase classname="ameera.Tests.ErrorValidationsTest" name="LoginErrorValidation" time="9.548"/>
  <testcase classname="ameera.Tests.ErrorValidationsTest" name="ProductErrorValidation" time="4.952"/>
</testsuite> <!-- ameera.Tests.ErrorValidationsTest -->
