<?xml version="1.0" encoding="UTF-8"?>
<!-- Generated by org.testng.reporters.JUnitReportReporter -->
<testsuite hostname="Mac" failures="0" tests="1" name="cucumber.TestNGTestRunner" time="6.213" errors="0" timestamp="2025-02-06T19:10:04 GMT+03:00" skipped="0">
  <testcase classname="cucumber.TestNGTestRunner" name="runScenario" time="6.213"/>
</testsuite> <!-- cucumber.TestNGTestRunner -->
