<?xml version="1.0" encoding="UTF-8"?>
<!-- Generated by org.testng.reporters.JUnitReportReporter -->
<testsuite hostname="Mac" failures="0" tests="3" name="ameera.Tests.SubmitOrderTest" time="16.013" errors="0" timestamp="2025-02-06T20:09:47 GMT+03:00" skipped="0">
  <testcase classname="ameera.Tests.SubmitOrderTest" name="submitOrder" time="5.728"/>
  <testcase classname="ameera.Tests.SubmitOrderTest" name="submitOrder" time="5.580"/>
  <testcase classname="ameera.Tests.SubmitOrderTest" name="OrderHistoryTest" time="4.705"/>
</testsuite> <!-- ameera.Tests.SubmitOrderTest -->
