<?xml version="1.0" encoding="UTF-8"?>
<!-- Generated by org.testng.reporters.JUnitReportReporter -->
<testsuite hostname="Mac" failures="0" tests="2" name="ameera.Tests.ErrorValidationsTest" time="10.275" errors="0" timestamp="2025-02-06T20:09:47 GMT+03:00" skipped="0">
  <testcase classname="ameera.Tests.ErrorValidationsTest" name="ProductErrorValidation" time="5.205"/>
  <testcase classname="ameera.Tests.ErrorValidationsTest" name="LoginErrorValidation" time="5.070"/>
</testsuite> <!-- ameera.Tests.ErrorValidationsTest -->
